<?xml version="1.0" encoding="UTF-8"?>
<testng-results ignored="0" total="1" passed="1" failed="0" skipped="0">
  <reporter-output>
  </reporter-output>
  <suite started-at="2024-11-19T13:32:40 EST" name="Suite" finished-at="2024-11-19T13:32:52 EST" duration-ms="12040">
    <groups>
    </groups>
    <test started-at="2024-11-19T13:32:40 EST" name="Test" finished-at="2024-11-19T13:32:52 EST" duration-ms="12040">
      <class name="qa.tests.Testcase1">
        <test-method is-config="true" signature="beforeTestMethod()[pri:0, instance:qa.tests.Testcase1@79924b]" started-at="2024-11-19T13:32:40 EST" name="beforeTestMethod" finished-at="2024-11-19T13:32:40 EST" duration-ms="247" status="PASS">
          <reporter-output>
          </reporter-output>
        </test-method> <!-- beforeTestMethod -->
        <test-method is-config="true" signature="beforeMethodMethod(java.lang.String,java.lang.reflect.Method)[pri:0, instance:qa.tests.Testcase1@79924b]" started-at="2024-11-19T13:32:40 EST" name="beforeMethodMethod" finished-at="2024-11-19T13:32:47 EST" duration-ms="6660" status="PASS">
          <params>
            <param index="0">
              <value>
                <![CDATA[chrome]]>
              </value>
            </param>
            <param index="1">
              <value>
                <![CDATA[public void qa.tests.Testcase1.samplwMethodforEnteringCredentials()]]>
              </value>
            </param>
          </params>
          <reporter-output>
          </reporter-output>
        </test-method> <!-- beforeMethodMethod -->
        <test-method signature="samplwMethodforEnteringCredentials()[pri:0, instance:qa.tests.Testcase1@79924b]" started-at="2024-11-19T13:32:47 EST" name="samplwMethodforEnteringCredentials" finished-at="2024-11-19T13:32:51 EST" duration-ms="3869" status="PASS">
          <reporter-output>
          </reporter-output>
        </test-method> <!-- samplwMethodforEnteringCredentials -->
        <test-method is-config="true" signature="afterMethod(org.testng.ITestResult)[pri:0, instance:qa.tests.Testcase1@79924b]" started-at="2024-11-19T13:32:51 EST" name="afterMethod" finished-at="2024-11-19T13:32:51 EST" duration-ms="683" status="PASS">
          <params>
            <param index="0">
              <value>
                <![CDATA[[TestResult name=samplwMethodforEnteringCredentials status=SUCCESS method=Testcase1.samplwMethodforEnteringCredentials()[pri:0, instance:qa.tests.Testcase1@79924b] output={null}]]]>
              </value>
            </param>
          </params>
          <reporter-output>
          </reporter-output>
        </test-method> <!-- afterMethod -->
        <test-method is-config="true" signature="afterTest()[pri:0, instance:qa.tests.Testcase1@79924b]" started-at="2024-11-19T13:32:51 EST" name="afterTest" finished-at="2024-11-19T13:32:52 EST" duration-ms="541" status="PASS">
          <reporter-output>
          </reporter-output>
        </test-method> <!-- afterTest -->
      </class> <!-- qa.tests.Testcase1 -->
    </test> <!-- Test -->
  </suite> <!-- Suite -->
</testng-results>
