<?xml version="1.0" encoding="UTF-8"?>
<testng-results ignored="0" total="2" passed="2" failed="0" skipped="0">
  <reporter-output>
  </reporter-output>
  <suite started-at="2025-02-11T02:12:09 EST" name="Suite" finished-at="2025-02-11T02:12:16 EST" duration-ms="7044">
    <groups>
    </groups>
    <test started-at="2025-02-11T02:12:09 EST" name="Test" finished-at="2025-02-11T02:12:16 EST" duration-ms="7044">
      <class name="qa.tests.Testcase2">
        <test-method is-config="true" signature="beforeTestMethod()[pri:0, instance:qa.tests.Testcase2@2f6e28bc]" started-at="2025-02-11T02:12:09 EST" name="beforeTestMethod" finished-at="2025-02-11T02:12:09 EST" duration-ms="213" status="PASS">
          <reporter-output>
          </reporter-output>
        </test-method> <!-- beforeTestMethod -->
        <test-method is-config="true" signature="beforeMethodMethod(java.lang.String,java.lang.reflect.Method)[pri:0, instance:qa.tests.Testcase2@2f6e28bc]" started-at="2025-02-11T02:12:09 EST" name="beforeMethodMethod" finished-at="2025-02-11T02:12:11 EST" duration-ms="2262" status="PASS">
          <params>
            <param index="0">
              <value>
                <![CDATA[chrome]]>
              </value>
            </param>
            <param index="1">
              <value>
                <![CDATA[public void qa.tests.Testcase2.enterReviewDetails()]]>
              </value>
            </param>
          </params>
          <reporter-output>
          </reporter-output>
        </test-method> <!-- beforeMethodMethod -->
        <test-method signature="enterReviewDetails()[pri:1, instance:qa.tests.Testcase2@2f6e28bc]" started-at="2025-02-11T02:12:11 EST" name="enterReviewDetails" finished-at="2025-02-11T02:12:13 EST" duration-ms="1494" status="PASS">
          <reporter-output>
          </reporter-output>
        </test-method> <!-- enterReviewDetails -->
        <test-method is-config="true" signature="afterMethod(org.testng.ITestResult)[pri:0, instance:qa.tests.Testcase2@2f6e28bc]" started-at="2025-02-11T02:12:13 EST" name="afterMethod" finished-at="2025-02-11T02:12:13 EST" duration-ms="8" status="PASS">
          <params>
            <param index="0">
              <value>
                <![CDATA[[TestResult name=enterReviewDetails status=SUCCESS method=Testcase2.enterReviewDetails()[pri:1, instance:qa.tests.Testcase2@2f6e28bc] output={null}]]]>
              </value>
            </param>
          </params>
          <reporter-output>
          </reporter-output>
        </test-method> <!-- afterMethod -->
        <test-method is-config="true" signature="beforeMethodMethod(java.lang.String,java.lang.reflect.Method)[pri:0, instance:qa.tests.Testcase2@2f6e28bc]" started-at="2025-02-11T02:12:13 EST" name="beforeMethodMethod" finished-at="2025-02-11T02:12:14 EST" duration-ms="1042" status="PASS">
          <params>
            <param index="0">
              <value>
                <![CDATA[chrome]]>
              </value>
            </param>
            <param index="1">
              <value>
                <![CDATA[public void qa.tests.Testcase2.enterReviewDetailsWithEmptyComment()]]>
              </value>
            </param>
          </params>
          <reporter-output>
          </reporter-output>
        </test-method> <!-- beforeMethodMethod -->
        <test-method signature="enterReviewDetailsWithEmptyComment()[pri:2, instance:qa.tests.Testcase2@2f6e28bc]" started-at="2025-02-11T02:12:14 EST" name="enterReviewDetailsWithEmptyComment" finished-at="2025-02-11T02:12:15 EST" duration-ms="1374" status="PASS">
          <reporter-output>
          </reporter-output>
        </test-method> <!-- enterReviewDetailsWithEmptyComment -->
        <test-method is-config="true" signature="afterMethod(org.testng.ITestResult)[pri:0, instance:qa.tests.Testcase2@2f6e28bc]" started-at="2025-02-11T02:12:15 EST" name="afterMethod" finished-at="2025-02-11T02:12:15 EST" duration-ms="1" status="PASS">
          <params>
            <param index="0">
              <value>
                <![CDATA[[TestResult name=enterReviewDetailsWithEmptyComment status=SUCCESS method=Testcase2.enterReviewDetailsWithEmptyComment()[pri:2, instance:qa.tests.Testcase2@2f6e28bc] output={null}]]]>
              </value>
            </param>
          </params>
          <reporter-output>
          </reporter-output>
        </test-method> <!-- afterMethod -->
        <test-method is-config="true" signature="afterTest()[pri:0, instance:qa.tests.Testcase2@2f6e28bc]" started-at="2025-02-11T02:12:15 EST" name="afterTest" finished-at="2025-02-11T02:12:16 EST" duration-ms="604" status="PASS">
          <reporter-output>
          </reporter-output>
        </test-method> <!-- afterTest -->
      </class> <!-- qa.tests.Testcase2 -->
    </test> <!-- Test -->
  </suite> <!-- Suite -->
</testng-results>
