<?xml version="1.0" encoding="UTF-8"?>
<testng-results ignored="0" total="1" passed="1" failed="0" skipped="0">
  <reporter-output>
  </reporter-output>
  <suite started-at="2025-02-11T11:50:42 EST" name="Suite" finished-at="2025-02-11T11:50:53 EST" duration-ms="10687">
    <groups>
    </groups>
    <test started-at="2025-02-11T11:50:42 EST" name="Test" finished-at="2025-02-11T11:50:53 EST" duration-ms="10687">
      <class name="qa.tests.Testcase2">
        <test-method is-config="true" signature="beforeTestMethod()[pri:0, instance:qa.tests.Testcase2@1ae67cad]" started-at="2025-02-11T11:50:42 EST" name="beforeTestMethod" finished-at="2025-02-11T11:50:43 EST" duration-ms="652" status="PASS">
          <reporter-output>
          </reporter-output>
        </test-method> <!-- beforeTestMethod -->
        <test-method is-config="true" signature="beforeMethodMethod(java.lang.String,java.lang.reflect.Method)[pri:0, instance:qa.tests.Testcase2@1ae67cad]" started-at="2025-02-11T11:50:43 EST" name="beforeMethodMethod" finished-at="2025-02-11T11:50:48 EST" duration-ms="4982" status="PASS">
          <params>
            <param index="0">
              <value>
                <![CDATA[chrome]]>
              </value>
            </param>
            <param index="1">
              <value>
                <![CDATA[public void qa.tests.Testcase2.enterRevieDetails()]]>
              </value>
            </param>
          </params>
          <reporter-output>
          </reporter-output>
        </test-method> <!-- beforeMethodMethod -->
        <test-method signature="enterRevieDetails()[pri:0, instance:qa.tests.Testcase2@1ae67cad]" started-at="2025-02-11T11:50:48 EST" name="enterRevieDetails" finished-at="2025-02-11T11:50:52 EST" duration-ms="3928" status="PASS">
          <reporter-output>
          </reporter-output>
        </test-method> <!-- enterRevieDetails -->
        <test-method is-config="true" signature="afterMethod(org.testng.ITestResult)[pri:0, instance:qa.tests.Testcase2@1ae67cad]" started-at="2025-02-11T11:50:52 EST" name="afterMethod" finished-at="2025-02-11T11:50:52 EST" duration-ms="16" status="PASS">
          <params>
            <param index="0">
              <value>
                <![CDATA[[TestResult name=enterRevieDetails status=SUCCESS method=Testcase2.enterRevieDetails()[pri:0, instance:qa.tests.Testcase2@1ae67cad] output={null}]]]>
              </value>
            </param>
          </params>
          <reporter-output>
          </reporter-output>
        </test-method> <!-- afterMethod -->
        <test-method is-config="true" signature="afterTest()[pri:0, instance:qa.tests.Testcase2@1ae67cad]" started-at="2025-02-11T11:50:52 EST" name="afterTest" finished-at="2025-02-11T11:50:53 EST" duration-ms="1027" status="PASS">
          <reporter-output>
          </reporter-output>
        </test-method> <!-- afterTest -->
      </class> <!-- qa.tests.Testcase2 -->
    </test> <!-- Test -->
  </suite> <!-- Suite -->
</testng-results>
